Analysis & Synthesis report for PC
Sun May 09 02:39:22 2021
Quartus Prime Version 20.1.1 Build 720 11/11/2020 SJ Lite Edition


---------------------
; Table of Contents ;
---------------------
  1. Legal Notice
  2. Analysis & Synthesis Summary
  3. Analysis & Synthesis Settings
  4. Parallel Compilation
  5. Analysis & Synthesis Source Files Read
  6. Analysis & Synthesis Resource Usage Summary
  7. Analysis & Synthesis Resource Utilization by Entity
  8. General Register Statistics
  9. Port Connectivity Checks: "memRAM:conexaomemRAM"
 10. Port Connectivity Checks: "multiplex2x1:multiplexAntesRegis"
 11. Port Connectivity Checks: "unidadeDControle:unidadedecontrole"
 12. Port Connectivity Checks: "sum4:somador4bits"
 13. Post-Synthesis Netlist Statistics for Top Partition
 14. Elapsed Time Per Partition
 15. Analysis & Synthesis Messages



----------------
; Legal Notice ;
----------------
Copyright (C) 2020  Intel Corporation. All rights reserved.
Your use of Intel Corporation's design tools, logic functions 
and other software and tools, and any partner logic 
functions, and any output files from any of the foregoing 
(including device programming or simulation files), and any 
associated documentation or information are expressly subject 
to the terms and conditions of the Intel Program License 
Subscription Agreement, the Intel Quartus Prime License Agreement,
the Intel FPGA IP License Agreement, or other applicable license
agreement, including, without limitation, that your use is for
the sole purpose of programming logic devices manufactured by
Intel and sold by Intel or its authorized distributors.  Please
refer to the applicable agreement for further details, at
https://fpgasoftware.intel.com/eula.



+-------------------------------------------------------------------------------+
; Analysis & Synthesis Summary                                                  ;
+---------------------------------+---------------------------------------------+
; Analysis & Synthesis Status     ; Successful - Sun May 09 02:39:22 2021       ;
; Quartus Prime Version           ; 20.1.1 Build 720 11/11/2020 SJ Lite Edition ;
; Revision Name                   ; PC                                          ;
; Top-level Entity Name           ; main                                        ;
; Family                          ; Cyclone V                                   ;
; Logic utilization (in ALMs)     ; N/A                                         ;
; Total registers                 ; 0                                           ;
; Total pins                      ; 1                                           ;
; Total virtual pins              ; 0                                           ;
; Total block memory bits         ; 0                                           ;
; Total DSP Blocks                ; 0                                           ;
; Total HSSI RX PCSs              ; 0                                           ;
; Total HSSI PMA RX Deserializers ; 0                                           ;
; Total HSSI TX PCSs              ; 0                                           ;
; Total HSSI PMA TX Serializers   ; 0                                           ;
; Total PLLs                      ; 0                                           ;
; Total DLLs                      ; 0                                           ;
+---------------------------------+---------------------------------------------+


+---------------------------------------------------------------------------------------------------------------------------+
; Analysis & Synthesis Settings                                                                                             ;
+---------------------------------------------------------------------------------+--------------------+--------------------+
; Option                                                                          ; Setting            ; Default Value      ;
+---------------------------------------------------------------------------------+--------------------+--------------------+
; Device                                                                          ; 5CGXFC7C7F23C8     ;                    ;
; Top-level entity name                                                           ; main               ; PC                 ;
; Family name                                                                     ; Cyclone V          ; Cyclone V          ;
; Use smart compilation                                                           ; Off                ; Off                ;
; Enable parallel Assembler and Timing Analyzer during compilation                ; On                 ; On                 ;
; Enable compact report table                                                     ; Off                ; Off                ;
; Restructure Multiplexers                                                        ; Auto               ; Auto               ;
; MLAB Add Timing Constraints For Mixed-Port Feed-Through Mode Setting Don't Care ; Off                ; Off                ;
; Create Debugging Nodes for IP Cores                                             ; Off                ; Off                ;
; Preserve fewer node names                                                       ; On                 ; On                 ;
; Intel FPGA IP Evaluation Mode                                                   ; Enable             ; Enable             ;
; Verilog Version                                                                 ; Verilog_2001       ; Verilog_2001       ;
; VHDL Version                                                                    ; VHDL_1993          ; VHDL_1993          ;
; State Machine Processing                                                        ; Auto               ; Auto               ;
; Safe State Machine                                                              ; Off                ; Off                ;
; Extract Verilog State Machines                                                  ; On                 ; On                 ;
; Extract VHDL State Machines                                                     ; On                 ; On                 ;
; Ignore Verilog initial constructs                                               ; Off                ; Off                ;
; Iteration limit for constant Verilog loops                                      ; 5000               ; 5000               ;
; Iteration limit for non-constant Verilog loops                                  ; 250                ; 250                ;
; Add Pass-Through Logic to Inferred RAMs                                         ; On                 ; On                 ;
; Infer RAMs from Raw Logic                                                       ; On                 ; On                 ;
; Parallel Synthesis                                                              ; On                 ; On                 ;
; DSP Block Balancing                                                             ; Auto               ; Auto               ;
; NOT Gate Push-Back                                                              ; On                 ; On                 ;
; Power-Up Don't Care                                                             ; On                 ; On                 ;
; Remove Redundant Logic Cells                                                    ; Off                ; Off                ;
; Remove Duplicate Registers                                                      ; On                 ; On                 ;
; Ignore CARRY Buffers                                                            ; Off                ; Off                ;
; Ignore CASCADE Buffers                                                          ; Off                ; Off                ;
; Ignore GLOBAL Buffers                                                           ; Off                ; Off                ;
; Ignore ROW GLOBAL Buffers                                                       ; Off                ; Off                ;
; Ignore LCELL Buffers                                                            ; Off                ; Off                ;
; Ignore SOFT Buffers                                                             ; On                 ; On                 ;
; Limit AHDL Integers to 32 Bits                                                  ; Off                ; Off                ;
; Optimization Technique                                                          ; Balanced           ; Balanced           ;
; Carry Chain Length                                                              ; 70                 ; 70                 ;
; Auto Carry Chains                                                               ; On                 ; On                 ;
; Auto Open-Drain Pins                                                            ; On                 ; On                 ;
; Perform WYSIWYG Primitive Resynthesis                                           ; Off                ; Off                ;
; Auto ROM Replacement                                                            ; On                 ; On                 ;
; Auto RAM Replacement                                                            ; On                 ; On                 ;
; Auto DSP Block Replacement                                                      ; On                 ; On                 ;
; Auto Shift Register Replacement                                                 ; Auto               ; Auto               ;
; Allow Shift Register Merging across Hierarchies                                 ; Auto               ; Auto               ;
; Auto Clock Enable Replacement                                                   ; On                 ; On                 ;
; Strict RAM Replacement                                                          ; Off                ; Off                ;
; Allow Synchronous Control Signals                                               ; On                 ; On                 ;
; Force Use of Synchronous Clear Signals                                          ; Off                ; Off                ;
; Auto Resource Sharing                                                           ; Off                ; Off                ;
; Allow Any RAM Size For Recognition                                              ; Off                ; Off                ;
; Allow Any ROM Size For Recognition                                              ; Off                ; Off                ;
; Allow Any Shift Register Size For Recognition                                   ; Off                ; Off                ;
; Use LogicLock Constraints during Resource Balancing                             ; On                 ; On                 ;
; Ignore translate_off and synthesis_off directives                               ; Off                ; Off                ;
; Timing-Driven Synthesis                                                         ; On                 ; On                 ;
; Report Parameter Settings                                                       ; On                 ; On                 ;
; Report Source Assignments                                                       ; On                 ; On                 ;
; Report Connectivity Checks                                                      ; On                 ; On                 ;
; Ignore Maximum Fan-Out Assignments                                              ; Off                ; Off                ;
; Synchronization Register Chain Length                                           ; 3                  ; 3                  ;
; Power Optimization During Synthesis                                             ; Normal compilation ; Normal compilation ;
; HDL message level                                                               ; Level2             ; Level2             ;
; Suppress Register Optimization Related Messages                                 ; Off                ; Off                ;
; Number of Removed Registers Reported in Synthesis Report                        ; 5000               ; 5000               ;
; Number of Swept Nodes Reported in Synthesis Report                              ; 5000               ; 5000               ;
; Number of Inverted Registers Reported in Synthesis Report                       ; 100                ; 100                ;
; Clock MUX Protection                                                            ; On                 ; On                 ;
; Auto Gated Clock Conversion                                                     ; Off                ; Off                ;
; Block Design Naming                                                             ; Auto               ; Auto               ;
; SDC constraint protection                                                       ; Off                ; Off                ;
; Synthesis Effort                                                                ; Auto               ; Auto               ;
; Shift Register Replacement - Allow Asynchronous Clear Signal                    ; On                 ; On                 ;
; Pre-Mapping Resynthesis Optimization                                            ; Off                ; Off                ;
; Analysis & Synthesis Message Level                                              ; Medium             ; Medium             ;
; Disable Register Merging Across Hierarchies                                     ; Auto               ; Auto               ;
; Resource Aware Inference For Block RAM                                          ; On                 ; On                 ;
; Automatic Parallel Synthesis                                                    ; On                 ; On                 ;
; Partial Reconfiguration Bitstream ID                                            ; Off                ; Off                ;
+---------------------------------------------------------------------------------+--------------------+--------------------+


+------------------------------------------+
; Parallel Compilation                     ;
+----------------------------+-------------+
; Processors                 ; Number      ;
+----------------------------+-------------+
; Number detected on machine ; 4           ;
; Maximum allowed            ; 4           ;
;                            ;             ;
; Average used               ; 1.00        ;
; Maximum used               ; 1           ;
;                            ;             ;
; Usage by Processor         ; % Time Used ;
;     Processor 1            ; 100.0%      ;
+----------------------------+-------------+


+-------------------------------------------------------------------------------------------------------------------------------------+
; Analysis & Synthesis Source Files Read                                                                                              ;
+----------------------------------+-----------------+-----------------+----------------------------------------------------+---------+
; File Name with User-Entered Path ; Used in Netlist ; File Type       ; File Name with Absolute Path                       ; Library ;
+----------------------------------+-----------------+-----------------+----------------------------------------------------+---------+
; ula.vhd                          ; yes             ; User VHDL File  ; C:/Users/Sunny/Documents/AOC/ula.vhd               ;         ;
; multiplex2x1.vhd                 ; yes             ; User VHDL File  ; C:/Users/Sunny/Documents/AOC/multiplex2x1.vhd      ;         ;
; PC.vhd                           ; yes             ; User VHDL File  ; C:/Users/Sunny/Documents/AOC/PC.vhd                ;         ;
; memROM.vhd                       ; yes             ; User VHDL File  ; C:/Users/Sunny/Documents/AOC/memROM.vhd            ;         ;
; main.vhd                         ; yes             ; User VHDL File  ; C:/Users/Sunny/Documents/AOC/main.vhd              ;         ;
; sum4.vhd                         ; yes             ; User VHDL File  ; C:/Users/Sunny/Documents/AOC/sum4.vhd              ;         ;
; unidadeDControle.vhd             ; yes             ; User VHDL File  ; C:/Users/Sunny/Documents/AOC/unidadeDControle.vhd  ;         ;
; registradores.vhd                ; yes             ; User VHDL File  ; C:/Users/Sunny/Documents/AOC/registradores.vhd     ;         ;
; extender4x8.vhd                  ; yes             ; User VHDL File  ; C:/Users/Sunny/Documents/AOC/extender4x8.vhd       ;         ;
; extender2x8.vhd                  ; yes             ; User VHDL File  ; C:/Users/Sunny/Documents/AOC/extender2x8.vhd       ;         ;
; multiplex8bits2x1.vhd            ; yes             ; User VHDL File  ; C:/Users/Sunny/Documents/AOC/multiplex8bits2x1.vhd ;         ;
; andgate.vhd                      ; yes             ; User VHDL File  ; C:/Users/Sunny/Documents/AOC/andgate.vhd           ;         ;
; memRAM.vhd                       ; yes             ; User VHDL File  ; C:/Users/Sunny/Documents/AOC/memRAM.vhd            ;         ;
+----------------------------------+-----------------+-----------------+----------------------------------------------------+---------+


+-----------------------------------------------------+
; Analysis & Synthesis Resource Usage Summary         ;
+---------------------------------------------+-------+
; Resource                                    ; Usage ;
+---------------------------------------------+-------+
; Estimate of Logic utilization (ALMs needed) ; 0     ;
;                                             ;       ;
; Combinational ALUT usage for logic          ; 0     ;
;     -- 7 input functions                    ; 0     ;
;     -- 6 input functions                    ; 0     ;
;     -- 5 input functions                    ; 0     ;
;     -- 4 input functions                    ; 0     ;
;     -- <=3 input functions                  ; 0     ;
;                                             ;       ;
; Dedicated logic registers                   ; 0     ;
;                                             ;       ;
; I/O pins                                    ; 1     ;
;                                             ;       ;
; Total DSP Blocks                            ; 0     ;
;                                             ;       ;
; Maximum fan-out node                        ; A0    ;
; Maximum fan-out                             ; 1     ;
; Total fan-out                               ; 1     ;
; Average fan-out                             ; 0.50  ;
+---------------------------------------------+-------+


+----------------------------------------------------------------------------------------------------------------------------------------------------------------------------------------+
; Analysis & Synthesis Resource Utilization by Entity                                                                                                                                    ;
+----------------------------+---------------------+---------------------------+-------------------+------------+------+--------------+---------------------+-------------+--------------+
; Compilation Hierarchy Node ; Combinational ALUTs ; Dedicated Logic Registers ; Block Memory Bits ; DSP Blocks ; Pins ; Virtual Pins ; Full Hierarchy Name ; Entity Name ; Library Name ;
+----------------------------+---------------------+---------------------------+-------------------+------------+------+--------------+---------------------+-------------+--------------+
; |main                      ; 0 (0)               ; 0 (0)                     ; 0                 ; 0          ; 1    ; 0            ; |main               ; main        ; work         ;
+----------------------------+---------------------+---------------------------+-------------------+------------+------+--------------+---------------------+-------------+--------------+
Note: For table entries with two numbers listed, the numbers in parentheses indicate the number of resources of the given type used by the specific entity alone. The numbers listed outside of parentheses indicate the total resources of the given type used by the specific entity and all of its sub-entities in the hierarchy.


+------------------------------------------------------+
; General Register Statistics                          ;
+----------------------------------------------+-------+
; Statistic                                    ; Value ;
+----------------------------------------------+-------+
; Total registers                              ; 0     ;
; Number of registers using Synchronous Clear  ; 0     ;
; Number of registers using Synchronous Load   ; 0     ;
; Number of registers using Asynchronous Clear ; 0     ;
; Number of registers using Asynchronous Load  ; 0     ;
; Number of registers using Clock Enable       ; 0     ;
; Number of registers using Preset             ; 0     ;
+----------------------------------------------+-------+


+--------------------------------------------------+
; Port Connectivity Checks: "memRAM:conexaomemRAM" ;
+-------+-------+----------+-----------------------+
; Port  ; Type  ; Severity ; Details               ;
+-------+-------+----------+-----------------------+
; clock ; Input ; Info     ; Stuck at VCC          ;
+-------+-------+----------+-----------------------+


+--------------------------------------------------------------+
; Port Connectivity Checks: "multiplex2x1:multiplexAntesRegis" ;
+------+-------+----------+------------------------------------+
; Port ; Type  ; Severity ; Details                            ;
+------+-------+----------+------------------------------------+
; sel  ; Input ; Info     ; Stuck at GND                       ;
+------+-------+----------+------------------------------------+


+------------------------------------------------------------------------------------------------------------------+
; Port Connectivity Checks: "unidadeDControle:unidadedecontrole"                                                   ;
+--------+--------+----------+-------------------------------------------------------------------------------------+
; Port   ; Type   ; Severity ; Details                                                                             ;
+--------+--------+----------+-------------------------------------------------------------------------------------+
; regesc ; Output ; Info     ; Connected to dangling logic. Logic that only feeds a dangling port will be removed. ;
+--------+--------+----------+-------------------------------------------------------------------------------------+


+---------------------------------------------------+
; Port Connectivity Checks: "sum4:somador4bits"     ;
+-----------------+-------+----------+--------------+
; Port            ; Type  ; Severity ; Details      ;
+-----------------+-------+----------+--------------+
; entrada_b[7..3] ; Input ; Info     ; Stuck at GND ;
; entrada_b[1..0] ; Input ; Info     ; Stuck at GND ;
; entrada_b[2]    ; Input ; Info     ; Stuck at VCC ;
+-----------------+-------+----------+--------------+


+-----------------------------------------------------+
; Post-Synthesis Netlist Statistics for Top Partition ;
+-------------------+---------------------------------+
; Type              ; Count                           ;
+-------------------+---------------------------------+
; boundary_port     ; 1                               ;
;                   ;                                 ;
; Max LUT depth     ; 0.00                            ;
; Average LUT depth ; 0.00                            ;
+-------------------+---------------------------------+


+-------------------------------+
; Elapsed Time Per Partition    ;
+----------------+--------------+
; Partition Name ; Elapsed Time ;
+----------------+--------------+
; Top            ; 00:00:00     ;
+----------------+--------------+


+-------------------------------+
; Analysis & Synthesis Messages ;
+-------------------------------+
Info: *******************************************************************
Info: Running Quartus Prime Analysis & Synthesis
    Info: Version 20.1.1 Build 720 11/11/2020 SJ Lite Edition
    Info: Processing started: Sun May 09 02:39:12 2021
Info: Command: quartus_map --read_settings_files=on --write_settings_files=off PC -c PC
Warning (18236): Number of processors has not been specified which may cause overloading on shared machines.  Set the global assignment NUM_PARALLEL_PROCESSORS in your QSF to an appropriate value for best performance.
Info (20030): Parallel compilation is enabled and will use 4 of the 4 processors detected
Info (12021): Found 2 design units, including 1 entities, in source file ula.vhd
    Info (12022): Found design unit 1: ula-behavior File: C:/Users/Sunny/Documents/AOC/ula.vhd Line: 14
    Info (12023): Found entity 1: ula File: C:/Users/Sunny/Documents/AOC/ula.vhd Line: 5
Info (12021): Found 2 design units, including 1 entities, in source file multiplex2x1.vhd
    Info (12022): Found design unit 1: multiplex2x1-behavior File: C:/Users/Sunny/Documents/AOC/multiplex2x1.vhd Line: 12
    Info (12023): Found entity 1: multiplex2x1 File: C:/Users/Sunny/Documents/AOC/multiplex2x1.vhd Line: 4
Info (12021): Found 2 design units, including 1 entities, in source file pc.vhd
    Info (12022): Found design unit 1: PC-Behavior File: C:/Users/Sunny/Documents/AOC/PC.vhd Line: 12
    Info (12023): Found entity 1: PC File: C:/Users/Sunny/Documents/AOC/PC.vhd Line: 5
Info (12021): Found 2 design units, including 1 entities, in source file memrom.vhd
    Info (12022): Found design unit 1: memROM-Behavior File: C:/Users/Sunny/Documents/AOC/memROM.vhd Line: 11
    Info (12023): Found entity 1: memROM File: C:/Users/Sunny/Documents/AOC/memROM.vhd Line: 5
Info (12021): Found 2 design units, including 1 entities, in source file main.vhd
    Info (12022): Found design unit 1: main-behavior File: C:/Users/Sunny/Documents/AOC/main.vhd Line: 11
    Info (12023): Found entity 1: main File: C:/Users/Sunny/Documents/AOC/main.vhd Line: 5
Info (12021): Found 2 design units, including 1 entities, in source file sum4.vhd
    Info (12022): Found design unit 1: sum4-Behavior File: C:/Users/Sunny/Documents/AOC/sum4.vhd Line: 12
    Info (12023): Found entity 1: sum4 File: C:/Users/Sunny/Documents/AOC/sum4.vhd Line: 5
Info (12021): Found 2 design units, including 1 entities, in source file unidadedcontrole.vhd
    Info (12022): Found design unit 1: unidadeDControle-behavior File: C:/Users/Sunny/Documents/AOC/unidadeDControle.vhd Line: 19
    Info (12023): Found entity 1: unidadeDControle File: C:/Users/Sunny/Documents/AOC/unidadeDControle.vhd Line: 5
Info (12021): Found 2 design units, including 1 entities, in source file registradores.vhd
    Info (12022): Found design unit 1: registradores-Behavior File: C:/Users/Sunny/Documents/AOC/registradores.vhd Line: 13
    Info (12023): Found entity 1: registradores File: C:/Users/Sunny/Documents/AOC/registradores.vhd Line: 5
Info (12021): Found 2 design units, including 1 entities, in source file extender4x8.vhd
    Info (12022): Found design unit 1: extender4x8-behavior File: C:/Users/Sunny/Documents/AOC/extender4x8.vhd Line: 10
    Info (12023): Found entity 1: extender4x8 File: C:/Users/Sunny/Documents/AOC/extender4x8.vhd Line: 4
Info (12021): Found 2 design units, including 1 entities, in source file extender2x8.vhd
    Info (12022): Found design unit 1: extender2x8-behavior File: C:/Users/Sunny/Documents/AOC/extender2x8.vhd Line: 10
    Info (12023): Found entity 1: extender2x8 File: C:/Users/Sunny/Documents/AOC/extender2x8.vhd Line: 4
Info (12021): Found 2 design units, including 1 entities, in source file multiplex8bits2x1.vhd
    Info (12022): Found design unit 1: multiplex8bits2x1-behavior File: C:/Users/Sunny/Documents/AOC/multiplex8bits2x1.vhd Line: 12
    Info (12023): Found entity 1: multiplex8bits2x1 File: C:/Users/Sunny/Documents/AOC/multiplex8bits2x1.vhd Line: 4
Info (12021): Found 2 design units, including 1 entities, in source file andgate.vhd
    Info (12022): Found design unit 1: andgate-behavior File: C:/Users/Sunny/Documents/AOC/andgate.vhd Line: 12
    Info (12023): Found entity 1: andgate File: C:/Users/Sunny/Documents/AOC/andgate.vhd Line: 4
Info (12021): Found 2 design units, including 1 entities, in source file memram.vhd
    Info (12022): Found design unit 1: memRAM-behavior File: C:/Users/Sunny/Documents/AOC/memRAM.vhd Line: 15
    Info (12023): Found entity 1: memRAM File: C:/Users/Sunny/Documents/AOC/memRAM.vhd Line: 5
Info (12127): Elaborating entity "main" for the top level hierarchy
Warning (10541): VHDL Signal Declaration warning at main.vhd(112): used implicit default value for signal "clock1" because signal was never assigned a value or an explicit default value. Use of implicit default value may introduce unintended design optimizations. File: C:/Users/Sunny/Documents/AOC/main.vhd Line: 112
Warning (10541): VHDL Signal Declaration warning at main.vhd(131): used implicit default value for signal "registradoFake" because signal was never assigned a value or an explicit default value. Use of implicit default value may introduce unintended design optimizations. File: C:/Users/Sunny/Documents/AOC/main.vhd Line: 131
Warning (10036): Verilog HDL or VHDL warning at main.vhd(149): object "regEscOUT" assigned a value but never read File: C:/Users/Sunny/Documents/AOC/main.vhd Line: 149
Info (12128): Elaborating entity "PC" for hierarchy "PC:Pc_para_MemoriaInstru" File: C:/Users/Sunny/Documents/AOC/main.vhd Line: 168
Info (12128): Elaborating entity "sum4" for hierarchy "sum4:somador4bits" File: C:/Users/Sunny/Documents/AOC/main.vhd Line: 169
Info (12128): Elaborating entity "memROM" for hierarchy "memROM:Memoria_DivisaoBits" File: C:/Users/Sunny/Documents/AOC/main.vhd Line: 170
Info (12128): Elaborating entity "extender4x8" for hierarchy "extender4x8:enderecoComExtensor" File: C:/Users/Sunny/Documents/AOC/main.vhd Line: 179
Info (12128): Elaborating entity "unidadeDControle" for hierarchy "unidadeDControle:unidadedecontrole" File: C:/Users/Sunny/Documents/AOC/main.vhd Line: 180
Info (12128): Elaborating entity "extender2x8" for hierarchy "extender2x8:extensor2x8dadoA" File: C:/Users/Sunny/Documents/AOC/main.vhd Line: 184
Info (12128): Elaborating entity "multiplex2x1" for hierarchy "multiplex2x1:multiplexAntesRegis" File: C:/Users/Sunny/Documents/AOC/main.vhd Line: 187
Info (12128): Elaborating entity "registradores" for hierarchy "registradores:registradoresConexao" File: C:/Users/Sunny/Documents/AOC/main.vhd Line: 188
Warning (10541): VHDL Signal Declaration warning at registradores.vhd(15): used implicit default value for signal "registrador" because signal was never assigned a value or an explicit default value. Use of implicit default value may introduce unintended design optimizations. File: C:/Users/Sunny/Documents/AOC/registradores.vhd Line: 15
Info (12128): Elaborating entity "multiplex8bits2x1" for hierarchy "multiplex8bits2x1:multiplexDepoisRegis" File: C:/Users/Sunny/Documents/AOC/main.vhd Line: 189
Info (12128): Elaborating entity "ula" for hierarchy "ula:ligacaoULA" File: C:/Users/Sunny/Documents/AOC/main.vhd Line: 192
Warning (10541): VHDL Signal Declaration warning at ula.vhd(9): used implicit default value for signal "zero" because signal was never assigned a value or an explicit default value. Use of implicit default value may introduce unintended design optimizations. File: C:/Users/Sunny/Documents/AOC/ula.vhd Line: 9
Info (12128): Elaborating entity "andgate" for hierarchy "andgate:dvi_e_zero" File: C:/Users/Sunny/Documents/AOC/main.vhd Line: 195
Info (12128): Elaborating entity "memRAM" for hierarchy "memRAM:conexaomemRAM" File: C:/Users/Sunny/Documents/AOC/main.vhd Line: 202
Warning (10445): VHDL Subtype or Type Declaration warning at memRAM.vhd(16): subtype or type has null range File: C:/Users/Sunny/Documents/AOC/memRAM.vhd Line: 16
Warning (10873): Using initial value X (don't care) for net "saidaLeituraDado" at memRAM.vhd(11) File: C:/Users/Sunny/Documents/AOC/memRAM.vhd Line: 11
Info (16010): Generating hard_block partition "hard_block:auto_generated_inst"
    Info (16011): Adding 0 node(s), including 0 DDIO, 0 PLL, 0 transceiver and 0 LCELL
Warning (21074): Design contains 1 input pin(s) that do not drive logic
    Warning (15610): No output dependent on input pin "A0" File: C:/Users/Sunny/Documents/AOC/main.vhd Line: 7
Info (21057): Implemented 1 device resources after synthesis - the final resource count might be different
    Info (21058): Implemented 1 input pins
    Info (21059): Implemented 0 output pins
Info: Quartus Prime Analysis & Synthesis was successful. 0 errors, 10 warnings
    Info: Peak virtual memory: 4847 megabytes
    Info: Processing ended: Sun May 09 02:39:22 2021
    Info: Elapsed time: 00:00:10
    Info: Total CPU time (on all processors): 00:00:21


